0 verbose cli C:\Program Files\nodejs\node.exe C:\Program Files\nodejs\node_modules\npm\bin\npm-cli.js
1 info using npm@10.5.0
2 info using node@v20.12.2
3 timing npm:load:whichnode Completed in 2ms
4 timing config:load:defaults Completed in 2ms
5 timing config:load:file:C:\Program Files\nodejs\node_modules\npm\npmrc Completed in 5ms
6 timing config:load:builtin Completed in 5ms
7 timing config:load:cli Completed in 1ms
8 timing config:load:env Completed in 1ms
9 timing config:load:file:C:\Users\hp\Desktop\React\Redux\.npmrc Completed in 0ms
10 timing config:load:project Completed in 3ms
11 timing config:load:file:C:\Users\hp\.npmrc Completed in 1ms
12 timing config:load:user Completed in 1ms
13 timing config:load:file:C:\Users\hp\Desktop\React\Redux\C\etc\npmrc Completed in 1ms
14 timing config:load:global Completed in 1ms
15 timing config:load:setEnvs Completed in 0ms
16 timing config:load Completed in 14ms
17 timing npm:load:configload Completed in 14ms
18 timing config:load:flatten Completed in 2ms
19 timing npm:load:mkdirpcache Completed in 1ms
20 timing npm:load:mkdirplogs Completed in 0ms
21 verbose title npm install redux
22 verbose argv "install" "redux"
23 timing npm:load:setTitle Completed in 1ms
24 timing npm:load:display Completed in 1ms
25 verbose logfile logs-max:10 dir:C:\Users\hp\Desktop\React\Redux\C\_logs\2024-07-13T08_46_26_317Z-
26 verbose logfile C:\Users\hp\Desktop\React\Redux\C\_logs\2024-07-13T08_46_26_317Z-debug-0.log
27 timing npm:load:logFile Completed in 9ms
28 timing npm:load:timers Completed in 0ms
29 timing npm:load:configScope Completed in 0ms
30 timing npm:load Completed in 49ms
31 timing arborist:ctor Completed in 1ms
32 silly logfile done cleaning log files
33 timing arborist:ctor Completed in 0ms
34 timing idealTree:init Completed in 8ms
35 timing idealTree:userRequests Completed in 2ms
36 silly idealTree buildDeps
37 silly fetch manifest redux@*
38 http fetch GET 200 https://registry.npmjs.org/redux 473ms (cache miss)
39 silly placeDep ROOT redux@5.0.1 OK for: redux@1.0.0 want: *
40 timing idealTree:#root Completed in 484ms
41 timing idealTree:node_modules/redux Completed in 0ms
42 timing idealTree:buildDeps Completed in 485ms
43 timing idealTree:fixDepFlags Completed in 1ms
44 timing idealTree Completed in 497ms
45 timing reify:loadTrees Completed in 498ms
46 timing reify:diffTrees Completed in 1ms
47 silly reify moves {}
48 timing reify:retireShallow Completed in 2ms
49 timing reify:createSparse Completed in 5ms
50 timing reify:loadBundles Completed in 0ms
51 silly audit bulk request { redux: [ '5.0.1' ] }
52 silly tarball no local data for redux@https://registry.npmjs.org/redux/-/redux-5.0.1.tgz. Extracting by manifest.
53 http fetch POST 200 https://registry.npmjs.org/-/npm/v1/security/advisories/bulk 377ms
54 timing auditReport:getReport Completed in 378ms
55 silly audit report {}
56 timing auditReport:init Completed in 0ms
57 timing reify:audit Completed in 380ms
58 http fetch GET 200 https://registry.npmjs.org/redux/-/redux-5.0.1.tgz 372ms (cache miss)
59 timing reifyNode:node_modules/redux Completed in 378ms
60 timing reify:unpack Completed in 378ms
61 timing reify:unretire Completed in 0ms
62 timing build:queue Completed in 0ms
63 timing build:deps Completed in 0ms
64 timing build Completed in 0ms
65 timing reify:build Completed in 2ms
66 timing reify:trash Completed in 0ms
67 timing reify:save Completed in 5ms
68 timing reify Completed in 902ms
69 silly ADD node_modules/redux
70 timing command:install Completed in 908ms
71 verbose exit 0
72 timing npm Completed in 1179ms
73 info ok
